CRITICAL - 2024-04-24 01:41:18 --> ErrorException: Trying to access array offset on value of type null
[Method: GET, Route: director]
in APPPATH\Controllers\directorController.php on line 15.
 1 APPPATH\Controllers\directorController.php(15): CodeIgniter\Debug\Exceptions->errorHandler(2, 'Trying to access array offset on value of type null', 'C:\\xampp\\htdocs\\codeigniter\\app\\Controllers\\directorController.php', 15)
 2 SYSTEMPATH\CodeIgniter.php(933): App\Controllers\directorController->index()
 3 SYSTEMPATH\CodeIgniter.php(509): CodeIgniter\CodeIgniter->runController(Object(App\Controllers\directorController))
 4 SYSTEMPATH\CodeIgniter.php(355): CodeIgniter\CodeIgniter->handleRequest(null, Object(Config\Cache), false)
 5 SYSTEMPATH\Boot.php(312): CodeIgniter\CodeIgniter->run()
 6 SYSTEMPATH\Boot.php(67): CodeIgniter\Boot::runCodeIgniter(Object(CodeIgniter\CodeIgniter))
 7 FCPATH\index.php(56): CodeIgniter\Boot::bootWeb(Object(Config\Paths))
CRITICAL - 2024-04-24 01:41:26 --> ErrorException: Undefined array key "correo"
[Method: GET, Route: director]
in APPPATH\Controllers\directorController.php on line 15.
 1 APPPATH\Controllers\directorController.php(15): CodeIgniter\Debug\Exceptions->errorHandler(2, 'Undefined array key "correo"', 'C:\\xampp\\htdocs\\codeigniter\\app\\Controllers\\directorController.php', 15)
 2 SYSTEMPATH\CodeIgniter.php(933): App\Controllers\directorController->index()
 3 SYSTEMPATH\CodeIgniter.php(509): CodeIgniter\CodeIgniter->runController(Object(App\Controllers\directorController))
 4 SYSTEMPATH\CodeIgniter.php(355): CodeIgniter\CodeIgniter->handleRequest(null, Object(Config\Cache), false)
 5 SYSTEMPATH\Boot.php(312): CodeIgniter\CodeIgniter->run()
 6 SYSTEMPATH\Boot.php(67): CodeIgniter\Boot::runCodeIgniter(Object(CodeIgniter\CodeIgniter))
 7 FCPATH\index.php(56): CodeIgniter\Boot::bootWeb(Object(Config\Paths))
CRITICAL - 2024-04-24 01:48:10 --> ErrorException: Undefined array key "correo"
[Method: GET, Route: director]
in APPPATH\Controllers\directorController.php on line 15.
 1 APPPATH\Controllers\directorController.php(15): CodeIgniter\Debug\Exceptions->errorHandler(2, 'Undefined array key "correo"', 'C:\\xampp\\htdocs\\codeigniter\\app\\Controllers\\directorController.php', 15)
 2 SYSTEMPATH\CodeIgniter.php(933): App\Controllers\directorController->index()
 3 SYSTEMPATH\CodeIgniter.php(509): CodeIgniter\CodeIgniter->runController(Object(App\Controllers\directorController))
 4 SYSTEMPATH\CodeIgniter.php(355): CodeIgniter\CodeIgniter->handleRequest(null, Object(Config\Cache), false)
 5 SYSTEMPATH\Boot.php(312): CodeIgniter\CodeIgniter->run()
 6 SYSTEMPATH\Boot.php(67): CodeIgniter\Boot::runCodeIgniter(Object(CodeIgniter\CodeIgniter))
 7 FCPATH\index.php(56): CodeIgniter\Boot::bootWeb(Object(Config\Paths))
CRITICAL - 2024-04-24 02:08:39 --> ErrorException: Trying to access array offset on value of type null
[Method: GET, Route: director]
in APPPATH\Controllers\directorController.php on line 15.
 1 APPPATH\Controllers\directorController.php(15): CodeIgniter\Debug\Exceptions->errorHandler(2, 'Trying to access array offset on value of type null', 'C:\\xampp\\htdocs\\codeigniter\\app\\Controllers\\directorController.php', 15)
 2 SYSTEMPATH\CodeIgniter.php(933): App\Controllers\directorController->index()
 3 SYSTEMPATH\CodeIgniter.php(509): CodeIgniter\CodeIgniter->runController(Object(App\Controllers\directorController))
 4 SYSTEMPATH\CodeIgniter.php(355): CodeIgniter\CodeIgniter->handleRequest(null, Object(Config\Cache), false)
 5 SYSTEMPATH\Boot.php(312): CodeIgniter\CodeIgniter->run()
 6 SYSTEMPATH\Boot.php(67): CodeIgniter\Boot::runCodeIgniter(Object(CodeIgniter\CodeIgniter))
 7 FCPATH\index.php(56): CodeIgniter\Boot::bootWeb(Object(Config\Paths))
CRITICAL - 2024-04-24 02:08:46 --> ErrorException: Undefined array key "correo"
[Method: GET, Route: director]
in APPPATH\Controllers\directorController.php on line 15.
 1 APPPATH\Controllers\directorController.php(15): CodeIgniter\Debug\Exceptions->errorHandler(2, 'Undefined array key "correo"', 'C:\\xampp\\htdocs\\codeigniter\\app\\Controllers\\directorController.php', 15)
 2 SYSTEMPATH\CodeIgniter.php(933): App\Controllers\directorController->index()
 3 SYSTEMPATH\CodeIgniter.php(509): CodeIgniter\CodeIgniter->runController(Object(App\Controllers\directorController))
 4 SYSTEMPATH\CodeIgniter.php(355): CodeIgniter\CodeIgniter->handleRequest(null, Object(Config\Cache), false)
 5 SYSTEMPATH\Boot.php(312): CodeIgniter\CodeIgniter->run()
 6 SYSTEMPATH\Boot.php(67): CodeIgniter\Boot::runCodeIgniter(Object(CodeIgniter\CodeIgniter))
 7 FCPATH\index.php(56): CodeIgniter\Boot::bootWeb(Object(Config\Paths))
CRITICAL - 2024-04-24 02:09:29 --> Error: Cannot use object of type App\Models\persona_modelo as array
[Method: POST, Route: sesion]
in APPPATH\Controllers\loginController.php on line 30.
 1 SYSTEMPATH\CodeIgniter.php(933): App\Controllers\loginController->login()
 2 SYSTEMPATH\CodeIgniter.php(509): CodeIgniter\CodeIgniter->runController(Object(App\Controllers\loginController))
 3 SYSTEMPATH\CodeIgniter.php(355): CodeIgniter\CodeIgniter->handleRequest(null, Object(Config\Cache), false)
 4 SYSTEMPATH\Boot.php(312): CodeIgniter\CodeIgniter->run()
 5 SYSTEMPATH\Boot.php(67): CodeIgniter\Boot::runCodeIgniter(Object(CodeIgniter\CodeIgniter))
 6 FCPATH\index.php(56): CodeIgniter\Boot::bootWeb(Object(Config\Paths))
CRITICAL - 2024-04-24 02:10:29 --> Error: Cannot use object of type App\Models\persona_modelo as array
[Method: POST, Route: sesion]
in APPPATH\Controllers\loginController.php on line 30.
 1 SYSTEMPATH\CodeIgniter.php(933): App\Controllers\loginController->login()
 2 SYSTEMPATH\CodeIgniter.php(509): CodeIgniter\CodeIgniter->runController(Object(App\Controllers\loginController))
 3 SYSTEMPATH\CodeIgniter.php(355): CodeIgniter\CodeIgniter->handleRequest(null, Object(Config\Cache), false)
 4 SYSTEMPATH\Boot.php(312): CodeIgniter\CodeIgniter->run()
 5 SYSTEMPATH\Boot.php(67): CodeIgniter\Boot::runCodeIgniter(Object(CodeIgniter\CodeIgniter))
 6 FCPATH\index.php(56): CodeIgniter\Boot::bootWeb(Object(Config\Paths))
INFO - 2024-04-24 02:12:39 --> Session: Class initialized using 'CodeIgniter\Session\Handlers\FileHandler' driver.
INFO - 2024-04-24 02:12:40 --> Session: Class initialized using 'CodeIgniter\Session\Handlers\FileHandler' driver.
CRITICAL - 2024-04-24 02:12:40 --> ErrorException: Undefined array key "correo"
[Method: GET, Route: director]
in APPPATH\Controllers\directorController.php on line 15.
 1 APPPATH\Controllers\directorController.php(15): CodeIgniter\Debug\Exceptions->errorHandler(2, 'Undefined array key "correo"', 'C:\\xampp\\htdocs\\codeigniter\\app\\Controllers\\directorController.php', 15)
 2 SYSTEMPATH\CodeIgniter.php(933): App\Controllers\directorController->index()
 3 SYSTEMPATH\CodeIgniter.php(509): CodeIgniter\CodeIgniter->runController(Object(App\Controllers\directorController))
 4 SYSTEMPATH\CodeIgniter.php(355): CodeIgniter\CodeIgniter->handleRequest(null, Object(Config\Cache), false)
 5 SYSTEMPATH\Boot.php(312): CodeIgniter\CodeIgniter->run()
 6 SYSTEMPATH\Boot.php(67): CodeIgniter\Boot::runCodeIgniter(Object(CodeIgniter\CodeIgniter))
 7 FCPATH\index.php(56): CodeIgniter\Boot::bootWeb(Object(Config\Paths))
INFO - 2024-04-24 02:14:00 --> Session: Class initialized using 'CodeIgniter\Session\Handlers\FileHandler' driver.
CRITICAL - 2024-04-24 02:14:00 --> ErrorException: Trying to access array offset on value of type null
[Method: GET, Route: director]
in APPPATH\Controllers\directorController.php on line 15.
 1 APPPATH\Controllers\directorController.php(15): CodeIgniter\Debug\Exceptions->errorHandler(2, 'Trying to access array offset on value of type null', 'C:\\xampp\\htdocs\\codeigniter\\app\\Controllers\\directorController.php', 15)
 2 SYSTEMPATH\CodeIgniter.php(933): App\Controllers\directorController->index()
 3 SYSTEMPATH\CodeIgniter.php(509): CodeIgniter\CodeIgniter->runController(Object(App\Controllers\directorController))
 4 SYSTEMPATH\CodeIgniter.php(355): CodeIgniter\CodeIgniter->handleRequest(null, Object(Config\Cache), false)
 5 SYSTEMPATH\Boot.php(312): CodeIgniter\CodeIgniter->run()
 6 SYSTEMPATH\Boot.php(67): CodeIgniter\Boot::runCodeIgniter(Object(CodeIgniter\CodeIgniter))
 7 FCPATH\index.php(56): CodeIgniter\Boot::bootWeb(Object(Config\Paths))
INFO - 2024-04-24 02:14:02 --> Session: Class initialized using 'CodeIgniter\Session\Handlers\FileHandler' driver.
CRITICAL - 2024-04-24 02:14:02 --> ErrorException: Trying to access array offset on value of type null
[Method: GET, Route: director]
in APPPATH\Controllers\directorController.php on line 15.
 1 APPPATH\Controllers\directorController.php(15): CodeIgniter\Debug\Exceptions->errorHandler(2, 'Trying to access array offset on value of type null', 'C:\\xampp\\htdocs\\codeigniter\\app\\Controllers\\directorController.php', 15)
 2 SYSTEMPATH\CodeIgniter.php(933): App\Controllers\directorController->index()
 3 SYSTEMPATH\CodeIgniter.php(509): CodeIgniter\CodeIgniter->runController(Object(App\Controllers\directorController))
 4 SYSTEMPATH\CodeIgniter.php(355): CodeIgniter\CodeIgniter->handleRequest(null, Object(Config\Cache), false)
 5 SYSTEMPATH\Boot.php(312): CodeIgniter\CodeIgniter->run()
 6 SYSTEMPATH\Boot.php(67): CodeIgniter\Boot::runCodeIgniter(Object(CodeIgniter\CodeIgniter))
 7 FCPATH\index.php(56): CodeIgniter\Boot::bootWeb(Object(Config\Paths))
INFO - 2024-04-24 02:14:04 --> Session: Class initialized using 'CodeIgniter\Session\Handlers\FileHandler' driver.
CRITICAL - 2024-04-24 02:14:04 --> ErrorException: Trying to access array offset on value of type null
[Method: GET, Route: director]
in APPPATH\Controllers\directorController.php on line 15.
 1 APPPATH\Controllers\directorController.php(15): CodeIgniter\Debug\Exceptions->errorHandler(2, 'Trying to access array offset on value of type null', 'C:\\xampp\\htdocs\\codeigniter\\app\\Controllers\\directorController.php', 15)
 2 SYSTEMPATH\CodeIgniter.php(933): App\Controllers\directorController->index()
 3 SYSTEMPATH\CodeIgniter.php(509): CodeIgniter\CodeIgniter->runController(Object(App\Controllers\directorController))
 4 SYSTEMPATH\CodeIgniter.php(355): CodeIgniter\CodeIgniter->handleRequest(null, Object(Config\Cache), false)
 5 SYSTEMPATH\Boot.php(312): CodeIgniter\CodeIgniter->run()
 6 SYSTEMPATH\Boot.php(67): CodeIgniter\Boot::runCodeIgniter(Object(CodeIgniter\CodeIgniter))
 7 FCPATH\index.php(56): CodeIgniter\Boot::bootWeb(Object(Config\Paths))
INFO - 2024-04-24 02:14:07 --> Session: Class initialized using 'CodeIgniter\Session\Handlers\FileHandler' driver.
CRITICAL - 2024-04-24 02:14:07 --> ErrorException: Trying to access array offset on value of type null
[Method: GET, Route: director]
in APPPATH\Controllers\directorController.php on line 15.
 1 APPPATH\Controllers\directorController.php(15): CodeIgniter\Debug\Exceptions->errorHandler(2, 'Trying to access array offset on value of type null', 'C:\\xampp\\htdocs\\codeigniter\\app\\Controllers\\directorController.php', 15)
 2 SYSTEMPATH\CodeIgniter.php(933): App\Controllers\directorController->index()
 3 SYSTEMPATH\CodeIgniter.php(509): CodeIgniter\CodeIgniter->runController(Object(App\Controllers\directorController))
 4 SYSTEMPATH\CodeIgniter.php(355): CodeIgniter\CodeIgniter->handleRequest(null, Object(Config\Cache), false)
 5 SYSTEMPATH\Boot.php(312): CodeIgniter\CodeIgniter->run()
 6 SYSTEMPATH\Boot.php(67): CodeIgniter\Boot::runCodeIgniter(Object(CodeIgniter\CodeIgniter))
 7 FCPATH\index.php(56): CodeIgniter\Boot::bootWeb(Object(Config\Paths))
INFO - 2024-04-24 02:17:12 --> Session: Class initialized using 'CodeIgniter\Session\Handlers\FileHandler' driver.
INFO - 2024-04-24 03:02:44 --> Session: Class initialized using 'CodeIgniter\Session\Handlers\FileHandler' driver.
INFO - 2024-04-24 03:02:44 --> Session: Class initialized using 'CodeIgniter\Session\Handlers\FileHandler' driver.
CRITICAL - 2024-04-24 03:02:44 --> ErrorException: Undefined array key "correo"
[Method: GET, Route: director]
in APPPATH\Controllers\directorController.php on line 17.
 1 APPPATH\Controllers\directorController.php(17): CodeIgniter\Debug\Exceptions->errorHandler(2, 'Undefined array key "correo"', 'C:\\xampp\\htdocs\\codeigniter\\app\\Controllers\\directorController.php', 17)
 2 SYSTEMPATH\CodeIgniter.php(933): App\Controllers\directorController->index()
 3 SYSTEMPATH\CodeIgniter.php(509): CodeIgniter\CodeIgniter->runController(Object(App\Controllers\directorController))
 4 SYSTEMPATH\CodeIgniter.php(355): CodeIgniter\CodeIgniter->handleRequest(null, Object(Config\Cache), false)
 5 SYSTEMPATH\Boot.php(312): CodeIgniter\CodeIgniter->run()
 6 SYSTEMPATH\Boot.php(67): CodeIgniter\Boot::runCodeIgniter(Object(CodeIgniter\CodeIgniter))
 7 FCPATH\index.php(56): CodeIgniter\Boot::bootWeb(Object(Config\Paths))
INFO - 2024-04-24 03:06:40 --> Session: Class initialized using 'CodeIgniter\Session\Handlers\FileHandler' driver.
CRITICAL - 2024-04-24 03:06:40 --> ErrorException: Trying to access array offset on value of type null
[Method: GET, Route: director]
in APPPATH\Controllers\directorController.php on line 14.
 1 APPPATH\Controllers\directorController.php(14): CodeIgniter\Debug\Exceptions->errorHandler(2, 'Trying to access array offset on value of type null', 'C:\\xampp\\htdocs\\codeigniter\\app\\Controllers\\directorController.php', 14)
 2 SYSTEMPATH\CodeIgniter.php(933): App\Controllers\directorController->index()
 3 SYSTEMPATH\CodeIgniter.php(509): CodeIgniter\CodeIgniter->runController(Object(App\Controllers\directorController))
 4 SYSTEMPATH\CodeIgniter.php(355): CodeIgniter\CodeIgniter->handleRequest(null, Object(Config\Cache), false)
 5 SYSTEMPATH\Boot.php(312): CodeIgniter\CodeIgniter->run()
 6 SYSTEMPATH\Boot.php(67): CodeIgniter\Boot::runCodeIgniter(Object(CodeIgniter\CodeIgniter))
 7 FCPATH\index.php(56): CodeIgniter\Boot::bootWeb(Object(Config\Paths))
INFO - 2024-04-24 03:07:30 --> Session: Class initialized using 'CodeIgniter\Session\Handlers\FileHandler' driver.
INFO - 2024-04-24 03:07:30 --> Session: Class initialized using 'CodeIgniter\Session\Handlers\FileHandler' driver.
CRITICAL - 2024-04-24 03:07:30 --> ErrorException: Undefined array key "rol"
[Method: GET, Route: director]
in APPPATH\Controllers\directorController.php on line 14.
 1 APPPATH\Controllers\directorController.php(14): CodeIgniter\Debug\Exceptions->errorHandler(2, 'Undefined array key "rol"', 'C:\\xampp\\htdocs\\codeigniter\\app\\Controllers\\directorController.php', 14)
 2 SYSTEMPATH\CodeIgniter.php(933): App\Controllers\directorController->index()
 3 SYSTEMPATH\CodeIgniter.php(509): CodeIgniter\CodeIgniter->runController(Object(App\Controllers\directorController))
 4 SYSTEMPATH\CodeIgniter.php(355): CodeIgniter\CodeIgniter->handleRequest(null, Object(Config\Cache), false)
 5 SYSTEMPATH\Boot.php(312): CodeIgniter\CodeIgniter->run()
 6 SYSTEMPATH\Boot.php(67): CodeIgniter\Boot::runCodeIgniter(Object(CodeIgniter\CodeIgniter))
 7 FCPATH\index.php(56): CodeIgniter\Boot::bootWeb(Object(Config\Paths))
INFO - 2024-04-24 03:09:56 --> Session: Class initialized using 'CodeIgniter\Session\Handlers\FileHandler' driver.
CRITICAL - 2024-04-24 03:09:56 --> ErrorException: Undefined variable $persona_modelo
[Method: GET, Route: director]
in APPPATH\Controllers\directorController.php on line 14.
 1 APPPATH\Controllers\directorController.php(14): CodeIgniter\Debug\Exceptions->errorHandler(2, 'Undefined variable $persona_modelo', 'C:\\xampp\\htdocs\\codeigniter\\app\\Controllers\\directorController.php', 14)
 2 SYSTEMPATH\CodeIgniter.php(933): App\Controllers\directorController->index()
 3 SYSTEMPATH\CodeIgniter.php(509): CodeIgniter\CodeIgniter->runController(Object(App\Controllers\directorController))
 4 SYSTEMPATH\CodeIgniter.php(355): CodeIgniter\CodeIgniter->handleRequest(null, Object(Config\Cache), false)
 5 SYSTEMPATH\Boot.php(312): CodeIgniter\CodeIgniter->run()
 6 SYSTEMPATH\Boot.php(67): CodeIgniter\Boot::runCodeIgniter(Object(CodeIgniter\CodeIgniter))
 7 FCPATH\index.php(56): CodeIgniter\Boot::bootWeb(Object(Config\Paths))
INFO - 2024-04-24 03:10:15 --> Session: Class initialized using 'CodeIgniter\Session\Handlers\FileHandler' driver.
INFO - 2024-04-24 03:10:15 --> Session: Class initialized using 'CodeIgniter\Session\Handlers\FileHandler' driver.
CRITICAL - 2024-04-24 03:10:15 --> ErrorException: Undefined variable $persona_modelo
[Method: GET, Route: director]
in APPPATH\Controllers\directorController.php on line 14.
 1 APPPATH\Controllers\directorController.php(14): CodeIgniter\Debug\Exceptions->errorHandler(2, 'Undefined variable $persona_modelo', 'C:\\xampp\\htdocs\\codeigniter\\app\\Controllers\\directorController.php', 14)
 2 SYSTEMPATH\CodeIgniter.php(933): App\Controllers\directorController->index()
 3 SYSTEMPATH\CodeIgniter.php(509): CodeIgniter\CodeIgniter->runController(Object(App\Controllers\directorController))
 4 SYSTEMPATH\CodeIgniter.php(355): CodeIgniter\CodeIgniter->handleRequest(null, Object(Config\Cache), false)
 5 SYSTEMPATH\Boot.php(312): CodeIgniter\CodeIgniter->run()
 6 SYSTEMPATH\Boot.php(67): CodeIgniter\Boot::runCodeIgniter(Object(CodeIgniter\CodeIgniter))
 7 FCPATH\index.php(56): CodeIgniter\Boot::bootWeb(Object(Config\Paths))
INFO - 2024-04-24 03:10:43 --> Session: Class initialized using 'CodeIgniter\Session\Handlers\FileHandler' driver.
CRITICAL - 2024-04-24 03:10:43 --> ErrorException: Undefined variable $persona_modelo
[Method: GET, Route: director]
in APPPATH\Controllers\directorController.php on line 14.
 1 APPPATH\Controllers\directorController.php(14): CodeIgniter\Debug\Exceptions->errorHandler(2, 'Undefined variable $persona_modelo', 'C:\\xampp\\htdocs\\codeigniter\\app\\Controllers\\directorController.php', 14)
 2 SYSTEMPATH\CodeIgniter.php(933): App\Controllers\directorController->index()
 3 SYSTEMPATH\CodeIgniter.php(509): CodeIgniter\CodeIgniter->runController(Object(App\Controllers\directorController))
 4 SYSTEMPATH\CodeIgniter.php(355): CodeIgniter\CodeIgniter->handleRequest(null, Object(Config\Cache), false)
 5 SYSTEMPATH\Boot.php(312): CodeIgniter\CodeIgniter->run()
 6 SYSTEMPATH\Boot.php(67): CodeIgniter\Boot::runCodeIgniter(Object(CodeIgniter\CodeIgniter))
 7 FCPATH\index.php(56): CodeIgniter\Boot::bootWeb(Object(Config\Paths))
INFO - 2024-04-24 03:11:40 --> Session: Class initialized using 'CodeIgniter\Session\Handlers\FileHandler' driver.
CRITICAL - 2024-04-24 03:11:40 --> ErrorException: Trying to access array offset on value of type null
[Method: GET, Route: director]
in APPPATH\Controllers\directorController.php on line 14.
 1 APPPATH\Controllers\directorController.php(14): CodeIgniter\Debug\Exceptions->errorHandler(2, 'Trying to access array offset on value of type null', 'C:\\xampp\\htdocs\\codeigniter\\app\\Controllers\\directorController.php', 14)
 2 SYSTEMPATH\CodeIgniter.php(933): App\Controllers\directorController->index()
 3 SYSTEMPATH\CodeIgniter.php(509): CodeIgniter\CodeIgniter->runController(Object(App\Controllers\directorController))
 4 SYSTEMPATH\CodeIgniter.php(355): CodeIgniter\CodeIgniter->handleRequest(null, Object(Config\Cache), false)
 5 SYSTEMPATH\Boot.php(312): CodeIgniter\CodeIgniter->run()
 6 SYSTEMPATH\Boot.php(67): CodeIgniter\Boot::runCodeIgniter(Object(CodeIgniter\CodeIgniter))
 7 FCPATH\index.php(56): CodeIgniter\Boot::bootWeb(Object(Config\Paths))
INFO - 2024-04-24 03:12:45 --> Session: Class initialized using 'CodeIgniter\Session\Handlers\FileHandler' driver.
CRITICAL - 2024-04-24 03:12:45 --> ErrorException: Trying to access array offset on value of type null
[Method: GET, Route: director]
in APPPATH\Controllers\directorController.php on line 14.
 1 APPPATH\Controllers\directorController.php(14): CodeIgniter\Debug\Exceptions->errorHandler(2, 'Trying to access array offset on value of type null', 'C:\\xampp\\htdocs\\codeigniter\\app\\Controllers\\directorController.php', 14)
 2 SYSTEMPATH\CodeIgniter.php(933): App\Controllers\directorController->index()
 3 SYSTEMPATH\CodeIgniter.php(509): CodeIgniter\CodeIgniter->runController(Object(App\Controllers\directorController))
 4 SYSTEMPATH\CodeIgniter.php(355): CodeIgniter\CodeIgniter->handleRequest(null, Object(Config\Cache), false)
 5 SYSTEMPATH\Boot.php(312): CodeIgniter\CodeIgniter->run()
 6 SYSTEMPATH\Boot.php(67): CodeIgniter\Boot::runCodeIgniter(Object(CodeIgniter\CodeIgniter))
 7 FCPATH\index.php(56): CodeIgniter\Boot::bootWeb(Object(Config\Paths))
INFO - 2024-04-24 03:13:53 --> Session: Class initialized using 'CodeIgniter\Session\Handlers\FileHandler' driver.
CRITICAL - 2024-04-24 03:13:53 --> ErrorException: Trying to access array offset on value of type null
[Method: GET, Route: director]
in APPPATH\Controllers\directorController.php on line 17.
 1 APPPATH\Controllers\directorController.php(17): CodeIgniter\Debug\Exceptions->errorHandler(2, 'Trying to access array offset on value of type null', 'C:\\xampp\\htdocs\\codeigniter\\app\\Controllers\\directorController.php', 17)
 2 SYSTEMPATH\CodeIgniter.php(933): App\Controllers\directorController->index()
 3 SYSTEMPATH\CodeIgniter.php(509): CodeIgniter\CodeIgniter->runController(Object(App\Controllers\directorController))
 4 SYSTEMPATH\CodeIgniter.php(355): CodeIgniter\CodeIgniter->handleRequest(null, Object(Config\Cache), false)
 5 SYSTEMPATH\Boot.php(312): CodeIgniter\CodeIgniter->run()
 6 SYSTEMPATH\Boot.php(67): CodeIgniter\Boot::runCodeIgniter(Object(CodeIgniter\CodeIgniter))
 7 FCPATH\index.php(56): CodeIgniter\Boot::bootWeb(Object(Config\Paths))
INFO - 2024-04-24 03:35:41 --> Session: Class initialized using 'CodeIgniter\Session\Handlers\FileHandler' driver.
CRITICAL - 2024-04-24 03:35:41 --> ErrorException: Trying to access array offset on value of type null
[Method: GET, Route: director]
in APPPATH\Controllers\directorController.php on line 14.
 1 APPPATH\Controllers\directorController.php(14): CodeIgniter\Debug\Exceptions->errorHandler(2, 'Trying to access array offset on value of type null', 'C:\\xampp\\htdocs\\codeigniter\\app\\Controllers\\directorController.php', 14)
 2 SYSTEMPATH\CodeIgniter.php(933): App\Controllers\directorController->index()
 3 SYSTEMPATH\CodeIgniter.php(509): CodeIgniter\CodeIgniter->runController(Object(App\Controllers\directorController))
 4 SYSTEMPATH\CodeIgniter.php(355): CodeIgniter\CodeIgniter->handleRequest(null, Object(Config\Cache), false)
 5 SYSTEMPATH\Boot.php(312): CodeIgniter\CodeIgniter->run()
 6 SYSTEMPATH\Boot.php(67): CodeIgniter\Boot::runCodeIgniter(Object(CodeIgniter\CodeIgniter))
 7 FCPATH\index.php(56): CodeIgniter\Boot::bootWeb(Object(Config\Paths))
INFO - 2024-04-24 03:36:07 --> Session: Class initialized using 'CodeIgniter\Session\Handlers\FileHandler' driver.
CRITICAL - 2024-04-24 03:36:07 --> ErrorException: Trying to access array offset on value of type null
[Method: GET, Route: director]
in APPPATH\Controllers\directorController.php on line 14.
 1 APPPATH\Controllers\directorController.php(14): CodeIgniter\Debug\Exceptions->errorHandler(2, 'Trying to access array offset on value of type null', 'C:\\xampp\\htdocs\\codeigniter\\app\\Controllers\\directorController.php', 14)
 2 SYSTEMPATH\CodeIgniter.php(933): App\Controllers\directorController->index()
 3 SYSTEMPATH\CodeIgniter.php(509): CodeIgniter\CodeIgniter->runController(Object(App\Controllers\directorController))
 4 SYSTEMPATH\CodeIgniter.php(355): CodeIgniter\CodeIgniter->handleRequest(null, Object(Config\Cache), false)
 5 SYSTEMPATH\Boot.php(312): CodeIgniter\CodeIgniter->run()
 6 SYSTEMPATH\Boot.php(67): CodeIgniter\Boot::runCodeIgniter(Object(CodeIgniter\CodeIgniter))
 7 FCPATH\index.php(56): CodeIgniter\Boot::bootWeb(Object(Config\Paths))
INFO - 2024-04-24 03:36:18 --> Session: Class initialized using 'CodeIgniter\Session\Handlers\FileHandler' driver.
CRITICAL - 2024-04-24 03:36:18 --> ErrorException: Trying to access array offset on value of type null
[Method: GET, Route: director]
in APPPATH\Controllers\directorController.php on line 14.
 1 APPPATH\Controllers\directorController.php(14): CodeIgniter\Debug\Exceptions->errorHandler(2, 'Trying to access array offset on value of type null', 'C:\\xampp\\htdocs\\codeigniter\\app\\Controllers\\directorController.php', 14)
 2 SYSTEMPATH\CodeIgniter.php(933): App\Controllers\directorController->index()
 3 SYSTEMPATH\CodeIgniter.php(509): CodeIgniter\CodeIgniter->runController(Object(App\Controllers\directorController))
 4 SYSTEMPATH\CodeIgniter.php(355): CodeIgniter\CodeIgniter->handleRequest(null, Object(Config\Cache), false)
 5 SYSTEMPATH\Boot.php(312): CodeIgniter\CodeIgniter->run()
 6 SYSTEMPATH\Boot.php(67): CodeIgniter\Boot::runCodeIgniter(Object(CodeIgniter\CodeIgniter))
 7 FCPATH\index.php(56): CodeIgniter\Boot::bootWeb(Object(Config\Paths))
INFO - 2024-04-24 03:37:16 --> Session: Class initialized using 'CodeIgniter\Session\Handlers\FileHandler' driver.
CRITICAL - 2024-04-24 03:37:16 --> ErrorException: Undefined variable $persona
[Method: GET, Route: director]
in APPPATH\Controllers\directorController.php on line 14.
 1 APPPATH\Controllers\directorController.php(14): CodeIgniter\Debug\Exceptions->errorHandler(2, 'Undefined variable $persona', 'C:\\xampp\\htdocs\\codeigniter\\app\\Controllers\\directorController.php', 14)
 2 SYSTEMPATH\CodeIgniter.php(933): App\Controllers\directorController->index()
 3 SYSTEMPATH\CodeIgniter.php(509): CodeIgniter\CodeIgniter->runController(Object(App\Controllers\directorController))
 4 SYSTEMPATH\CodeIgniter.php(355): CodeIgniter\CodeIgniter->handleRequest(null, Object(Config\Cache), false)
 5 SYSTEMPATH\Boot.php(312): CodeIgniter\CodeIgniter->run()
 6 SYSTEMPATH\Boot.php(67): CodeIgniter\Boot::runCodeIgniter(Object(CodeIgniter\CodeIgniter))
 7 FCPATH\index.php(56): CodeIgniter\Boot::bootWeb(Object(Config\Paths))
INFO - 2024-04-24 03:37:16 --> Session: Class initialized using 'CodeIgniter\Session\Handlers\FileHandler' driver.
CRITICAL - 2024-04-24 03:37:16 --> ErrorException: Undefined variable $persona
[Method: GET, Route: director]
in APPPATH\Controllers\directorController.php on line 14.
 1 APPPATH\Controllers\directorController.php(14): CodeIgniter\Debug\Exceptions->errorHandler(2, 'Undefined variable $persona', 'C:\\xampp\\htdocs\\codeigniter\\app\\Controllers\\directorController.php', 14)
 2 SYSTEMPATH\CodeIgniter.php(933): App\Controllers\directorController->index()
 3 SYSTEMPATH\CodeIgniter.php(509): CodeIgniter\CodeIgniter->runController(Object(App\Controllers\directorController))
 4 SYSTEMPATH\CodeIgniter.php(355): CodeIgniter\CodeIgniter->handleRequest(null, Object(Config\Cache), false)
 5 SYSTEMPATH\Boot.php(312): CodeIgniter\CodeIgniter->run()
 6 SYSTEMPATH\Boot.php(67): CodeIgniter\Boot::runCodeIgniter(Object(CodeIgniter\CodeIgniter))
 7 FCPATH\index.php(56): CodeIgniter\Boot::bootWeb(Object(Config\Paths))
INFO - 2024-04-24 03:37:22 --> Session: Class initialized using 'CodeIgniter\Session\Handlers\FileHandler' driver.
INFO - 2024-04-24 03:37:23 --> Session: Class initialized using 'CodeIgniter\Session\Handlers\FileHandler' driver.
CRITICAL - 2024-04-24 03:37:23 --> ErrorException: Undefined variable $persona
[Method: GET, Route: director]
in APPPATH\Controllers\directorController.php on line 14.
 1 APPPATH\Controllers\directorController.php(14): CodeIgniter\Debug\Exceptions->errorHandler(2, 'Undefined variable $persona', 'C:\\xampp\\htdocs\\codeigniter\\app\\Controllers\\directorController.php', 14)
 2 SYSTEMPATH\CodeIgniter.php(933): App\Controllers\directorController->index()
 3 SYSTEMPATH\CodeIgniter.php(509): CodeIgniter\CodeIgniter->runController(Object(App\Controllers\directorController))
 4 SYSTEMPATH\CodeIgniter.php(355): CodeIgniter\CodeIgniter->handleRequest(null, Object(Config\Cache), false)
 5 SYSTEMPATH\Boot.php(312): CodeIgniter\CodeIgniter->run()
 6 SYSTEMPATH\Boot.php(67): CodeIgniter\Boot::runCodeIgniter(Object(CodeIgniter\CodeIgniter))
 7 FCPATH\index.php(56): CodeIgniter\Boot::bootWeb(Object(Config\Paths))
INFO - 2024-04-24 03:40:01 --> Session: Class initialized using 'CodeIgniter\Session\Handlers\FileHandler' driver.
CRITICAL - 2024-04-24 03:40:01 --> ErrorException: Trying to access array offset on value of type null
[Method: GET, Route: director]
in APPPATH\Controllers\directorController.php on line 14.
 1 APPPATH\Controllers\directorController.php(14): CodeIgniter\Debug\Exceptions->errorHandler(2, 'Trying to access array offset on value of type null', 'C:\\xampp\\htdocs\\codeigniter\\app\\Controllers\\directorController.php', 14)
 2 SYSTEMPATH\CodeIgniter.php(933): App\Controllers\directorController->index()
 3 SYSTEMPATH\CodeIgniter.php(509): CodeIgniter\CodeIgniter->runController(Object(App\Controllers\directorController))
 4 SYSTEMPATH\CodeIgniter.php(355): CodeIgniter\CodeIgniter->handleRequest(null, Object(Config\Cache), false)
 5 SYSTEMPATH\Boot.php(312): CodeIgniter\CodeIgniter->run()
 6 SYSTEMPATH\Boot.php(67): CodeIgniter\Boot::runCodeIgniter(Object(CodeIgniter\CodeIgniter))
 7 FCPATH\index.php(56): CodeIgniter\Boot::bootWeb(Object(Config\Paths))
INFO - 2024-04-24 03:40:13 --> Session: Class initialized using 'CodeIgniter\Session\Handlers\FileHandler' driver.
INFO - 2024-04-24 03:40:13 --> Session: Class initialized using 'CodeIgniter\Session\Handlers\FileHandler' driver.
CRITICAL - 2024-04-24 03:40:13 --> ErrorException: Undefined array key "correo"
[Method: GET, Route: director]
in APPPATH\Controllers\directorController.php on line 14.
 1 APPPATH\Controllers\directorController.php(14): CodeIgniter\Debug\Exceptions->errorHandler(2, 'Undefined array key "correo"', 'C:\\xampp\\htdocs\\codeigniter\\app\\Controllers\\directorController.php', 14)
 2 SYSTEMPATH\CodeIgniter.php(933): App\Controllers\directorController->index()
 3 SYSTEMPATH\CodeIgniter.php(509): CodeIgniter\CodeIgniter->runController(Object(App\Controllers\directorController))
 4 SYSTEMPATH\CodeIgniter.php(355): CodeIgniter\CodeIgniter->handleRequest(null, Object(Config\Cache), false)
 5 SYSTEMPATH\Boot.php(312): CodeIgniter\CodeIgniter->run()
 6 SYSTEMPATH\Boot.php(67): CodeIgniter\Boot::runCodeIgniter(Object(CodeIgniter\CodeIgniter))
 7 FCPATH\index.php(56): CodeIgniter\Boot::bootWeb(Object(Config\Paths))
INFO - 2024-04-24 03:40:42 --> Session: Class initialized using 'CodeIgniter\Session\Handlers\FileHandler' driver.
CRITICAL - 2024-04-24 03:40:42 --> ErrorException: Trying to access array offset on value of type null
[Method: GET, Route: director]
in APPPATH\Controllers\directorController.php on line 14.
 1 APPPATH\Controllers\directorController.php(14): CodeIgniter\Debug\Exceptions->errorHandler(2, 'Trying to access array offset on value of type null', 'C:\\xampp\\htdocs\\codeigniter\\app\\Controllers\\directorController.php', 14)
 2 SYSTEMPATH\CodeIgniter.php(933): App\Controllers\directorController->index()
 3 SYSTEMPATH\CodeIgniter.php(509): CodeIgniter\CodeIgniter->runController(Object(App\Controllers\directorController))
 4 SYSTEMPATH\CodeIgniter.php(355): CodeIgniter\CodeIgniter->handleRequest(null, Object(Config\Cache), false)
 5 SYSTEMPATH\Boot.php(312): CodeIgniter\CodeIgniter->run()
 6 SYSTEMPATH\Boot.php(67): CodeIgniter\Boot::runCodeIgniter(Object(CodeIgniter\CodeIgniter))
 7 FCPATH\index.php(56): CodeIgniter\Boot::bootWeb(Object(Config\Paths))
INFO - 2024-04-24 03:42:06 --> Session: Class initialized using 'CodeIgniter\Session\Handlers\FileHandler' driver.
CRITICAL - 2024-04-24 03:42:06 --> ErrorException: Trying to access array offset on value of type null
[Method: GET, Route: director]
in APPPATH\Controllers\directorController.php on line 14.
 1 APPPATH\Controllers\directorController.php(14): CodeIgniter\Debug\Exceptions->errorHandler(2, 'Trying to access array offset on value of type null', 'C:\\xampp\\htdocs\\codeigniter\\app\\Controllers\\directorController.php', 14)
 2 SYSTEMPATH\CodeIgniter.php(933): App\Controllers\directorController->index()
 3 SYSTEMPATH\CodeIgniter.php(509): CodeIgniter\CodeIgniter->runController(Object(App\Controllers\directorController))
 4 SYSTEMPATH\CodeIgniter.php(355): CodeIgniter\CodeIgniter->handleRequest(null, Object(Config\Cache), false)
 5 SYSTEMPATH\Boot.php(312): CodeIgniter\CodeIgniter->run()
 6 SYSTEMPATH\Boot.php(67): CodeIgniter\Boot::runCodeIgniter(Object(CodeIgniter\CodeIgniter))
 7 FCPATH\index.php(56): CodeIgniter\Boot::bootWeb(Object(Config\Paths))
INFO - 2024-04-24 03:42:06 --> Session: Class initialized using 'CodeIgniter\Session\Handlers\FileHandler' driver.
CRITICAL - 2024-04-24 03:42:06 --> ErrorException: Trying to access array offset on value of type null
[Method: GET, Route: director]
in APPPATH\Controllers\directorController.php on line 14.
 1 APPPATH\Controllers\directorController.php(14): CodeIgniter\Debug\Exceptions->errorHandler(2, 'Trying to access array offset on value of type null', 'C:\\xampp\\htdocs\\codeigniter\\app\\Controllers\\directorController.php', 14)
 2 SYSTEMPATH\CodeIgniter.php(933): App\Controllers\directorController->index()
 3 SYSTEMPATH\CodeIgniter.php(509): CodeIgniter\CodeIgniter->runController(Object(App\Controllers\directorController))
 4 SYSTEMPATH\CodeIgniter.php(355): CodeIgniter\CodeIgniter->handleRequest(null, Object(Config\Cache), false)
 5 SYSTEMPATH\Boot.php(312): CodeIgniter\CodeIgniter->run()
 6 SYSTEMPATH\Boot.php(67): CodeIgniter\Boot::runCodeIgniter(Object(CodeIgniter\CodeIgniter))
 7 FCPATH\index.php(56): CodeIgniter\Boot::bootWeb(Object(Config\Paths))
INFO - 2024-04-24 03:43:59 --> Session: Class initialized using 'CodeIgniter\Session\Handlers\FileHandler' driver.
CRITICAL - 2024-04-24 03:43:59 --> ErrorException: Trying to access array offset on value of type null
[Method: GET, Route: director]
in APPPATH\Controllers\directorController.php on line 14.
 1 APPPATH\Controllers\directorController.php(14): CodeIgniter\Debug\Exceptions->errorHandler(2, 'Trying to access array offset on value of type null', 'C:\\xampp\\htdocs\\codeigniter\\app\\Controllers\\directorController.php', 14)
 2 SYSTEMPATH\CodeIgniter.php(933): App\Controllers\directorController->index()
 3 SYSTEMPATH\CodeIgniter.php(509): CodeIgniter\CodeIgniter->runController(Object(App\Controllers\directorController))
 4 SYSTEMPATH\CodeIgniter.php(355): CodeIgniter\CodeIgniter->handleRequest(null, Object(Config\Cache), false)
 5 SYSTEMPATH\Boot.php(312): CodeIgniter\CodeIgniter->run()
 6 SYSTEMPATH\Boot.php(67): CodeIgniter\Boot::runCodeIgniter(Object(CodeIgniter\CodeIgniter))
 7 FCPATH\index.php(56): CodeIgniter\Boot::bootWeb(Object(Config\Paths))
INFO - 2024-04-24 03:44:05 --> Session: Class initialized using 'CodeIgniter\Session\Handlers\FileHandler' driver.
INFO - 2024-04-24 03:44:06 --> Session: Class initialized using 'CodeIgniter\Session\Handlers\FileHandler' driver.
CRITICAL - 2024-04-24 03:44:06 --> ErrorException: Undefined array key "correo"
[Method: GET, Route: director]
in APPPATH\Controllers\directorController.php on line 14.
 1 APPPATH\Controllers\directorController.php(14): CodeIgniter\Debug\Exceptions->errorHandler(2, 'Undefined array key "correo"', 'C:\\xampp\\htdocs\\codeigniter\\app\\Controllers\\directorController.php', 14)
 2 SYSTEMPATH\CodeIgniter.php(933): App\Controllers\directorController->index()
 3 SYSTEMPATH\CodeIgniter.php(509): CodeIgniter\CodeIgniter->runController(Object(App\Controllers\directorController))
 4 SYSTEMPATH\CodeIgniter.php(355): CodeIgniter\CodeIgniter->handleRequest(null, Object(Config\Cache), false)
 5 SYSTEMPATH\Boot.php(312): CodeIgniter\CodeIgniter->run()
 6 SYSTEMPATH\Boot.php(67): CodeIgniter\Boot::runCodeIgniter(Object(CodeIgniter\CodeIgniter))
 7 FCPATH\index.php(56): CodeIgniter\Boot::bootWeb(Object(Config\Paths))
INFO - 2024-04-24 03:44:35 --> Session: Class initialized using 'CodeIgniter\Session\Handlers\FileHandler' driver.
CRITICAL - 2024-04-24 03:44:35 --> ErrorException: Trying to access array offset on value of type null
[Method: GET, Route: director]
in APPPATH\Controllers\directorController.php on line 19.
 1 APPPATH\Controllers\directorController.php(19): CodeIgniter\Debug\Exceptions->errorHandler(2, 'Trying to access array offset on value of type null', 'C:\\xampp\\htdocs\\codeigniter\\app\\Controllers\\directorController.php', 19)
 2 SYSTEMPATH\CodeIgniter.php(933): App\Controllers\directorController->index()
 3 SYSTEMPATH\CodeIgniter.php(509): CodeIgniter\CodeIgniter->runController(Object(App\Controllers\directorController))
 4 SYSTEMPATH\CodeIgniter.php(355): CodeIgniter\CodeIgniter->handleRequest(null, Object(Config\Cache), false)
 5 SYSTEMPATH\Boot.php(312): CodeIgniter\CodeIgniter->run()
 6 SYSTEMPATH\Boot.php(67): CodeIgniter\Boot::runCodeIgniter(Object(CodeIgniter\CodeIgniter))
 7 FCPATH\index.php(56): CodeIgniter\Boot::bootWeb(Object(Config\Paths))
INFO - 2024-04-24 03:44:43 --> Session: Class initialized using 'CodeIgniter\Session\Handlers\FileHandler' driver.
INFO - 2024-04-24 03:44:43 --> Session: Class initialized using 'CodeIgniter\Session\Handlers\FileHandler' driver.
CRITICAL - 2024-04-24 03:44:43 --> ErrorException: Undefined array key "correo"
[Method: GET, Route: director]
in APPPATH\Controllers\directorController.php on line 19.
 1 APPPATH\Controllers\directorController.php(19): CodeIgniter\Debug\Exceptions->errorHandler(2, 'Undefined array key "correo"', 'C:\\xampp\\htdocs\\codeigniter\\app\\Controllers\\directorController.php', 19)
 2 SYSTEMPATH\CodeIgniter.php(933): App\Controllers\directorController->index()
 3 SYSTEMPATH\CodeIgniter.php(509): CodeIgniter\CodeIgniter->runController(Object(App\Controllers\directorController))
 4 SYSTEMPATH\CodeIgniter.php(355): CodeIgniter\CodeIgniter->handleRequest(null, Object(Config\Cache), false)
 5 SYSTEMPATH\Boot.php(312): CodeIgniter\CodeIgniter->run()
 6 SYSTEMPATH\Boot.php(67): CodeIgniter\Boot::runCodeIgniter(Object(CodeIgniter\CodeIgniter))
 7 FCPATH\index.php(56): CodeIgniter\Boot::bootWeb(Object(Config\Paths))
INFO - 2024-04-24 03:44:55 --> Session: Class initialized using 'CodeIgniter\Session\Handlers\FileHandler' driver.
CRITICAL - 2024-04-24 03:44:55 --> ErrorException: Trying to access array offset on value of type null
[Method: GET, Route: director]
in APPPATH\Controllers\directorController.php on line 19.
 1 APPPATH\Controllers\directorController.php(19): CodeIgniter\Debug\Exceptions->errorHandler(2, 'Trying to access array offset on value of type null', 'C:\\xampp\\htdocs\\codeigniter\\app\\Controllers\\directorController.php', 19)
 2 SYSTEMPATH\CodeIgniter.php(933): App\Controllers\directorController->index()
 3 SYSTEMPATH\CodeIgniter.php(509): CodeIgniter\CodeIgniter->runController(Object(App\Controllers\directorController))
 4 SYSTEMPATH\CodeIgniter.php(355): CodeIgniter\CodeIgniter->handleRequest(null, Object(Config\Cache), false)
 5 SYSTEMPATH\Boot.php(312): CodeIgniter\CodeIgniter->run()
 6 SYSTEMPATH\Boot.php(67): CodeIgniter\Boot::runCodeIgniter(Object(CodeIgniter\CodeIgniter))
 7 FCPATH\index.php(56): CodeIgniter\Boot::bootWeb(Object(Config\Paths))
